2015-01-17 12:58:32.492 rowLog[1107:11053] DiskCookieStorage changing policy from 2 to 0, cookie file: file:///Users/krakapwa/Library/Developer/CoreSimulator/Devices/498A0961-AAD9-4A8C-B4CC-E0549ABC5F03/data/Containers/Data/Application/AA5F5A47-5652-4281-98A7-7D6EFB1D63AA/Library/Cookies/Cookies.binarycookies
2015-01-17 12:58:32.890 rowLog[1107:11053] Apache Cordova native platform version 3.7.0 is starting.
2015-01-17 12:58:32.891 rowLog[1107:11053] Multi-tasking -> Device: YES, App: YES
2015-01-17 12:58:32.903 rowLog[1107:11053] Unlimited access to network resources
2015-01-17 12:58:32.957 rowLog[1107:11053] 

Started backup to iCloud! Please be careful.
Your application might be rejected by Apple if you store too much data.
For more information please read "iOS Data Storage Guidelines" at:
https://developer.apple.com/icloud/documentation/data-storage/
To disable web storage backup to iCloud, set the BackupWebStorage preference to "local" in the Cordova config.xml file

2015-01-17 12:58:33.570 rowLog[1107:11053] [CDVTimer][file] 19.931018ms
2015-01-17 12:58:33.570 rowLog[1107:11053] [CDVTimer][TotalPluginStartup] 20.087004ms
2015-01-17 12:58:35.943 rowLog[1107:11053] Resetting plugins due to page load.
2015-01-17 12:58:36.183 rowLog[1107:11053] Finished load of: file:///Users/krakapwa/Library/Developer/CoreSimulator/Devices/498A0961-AAD9-4A8C-B4CC-E0549ABC5F03/data/Containers/Bundle/Application/679608D2-EE8C-4151-B4FB-36ABD50DD1FD/rowLog.app/www/index.html
2015-01-17 12:59:35.589 rowLog[1107:11053] Reached Success
2015-01-17 12:59:35.590 rowLog[1107:11053] THREAD WARNING: ['Calendar'] took '60.203125' ms. Plugin should use a background thread.
2015-01-17 12:59:35.608 rowLog[1107:11053] THREAD WARNING: ['File'] took '15.739014' ms. Plugin should use a background thread.
2015-01-17 12:59:35.675 rowLog[1107:11053] THREAD WARNING: ['FileTransfer'] took '42.389893' ms. Plugin should use a background thread.
2015-01-17 12:59:36.132 rowLog[1107:11053] THREAD WARNING: ['File'] took '12.509033' ms. Plugin should use a background thread.
2015-01-17 13:00:28.511 rowLog[1107:11053] Reached Success
2015-01-17 13:00:28.512 rowLog[1107:11053] THREAD WARNING: ['Calendar'] took '34.730957' ms. Plugin should use a background thread.
2015-01-17 13:00:28.935 rowLog[1107:11745] File Transfer Finished with response code 200
2015-01-17 13:00:28.941 rowLog[1107:11053] Resetting plugins due to page load.
2015-01-17 13:00:29.080 rowLog[1107:11053] Finished load of: file:///Users/krakapwa/Library/Developer/CoreSimulator/Devices/498A0961-AAD9-4A8C-B4CC-E0549ABC5F03/data/Containers/Bundle/Application/679608D2-EE8C-4151-B4FB-36ABD50DD1FD/rowLog.app/www/warningEvents.html
2015-01-17 13:02:37.201 rowLog[1107:11053] Resetting plugins due to page load.
2015-01-17 13:02:37.284 rowLog[1107:11053] Finished load of: file:///Users/krakapwa/Library/Developer/CoreSimulator/Devices/498A0961-AAD9-4A8C-B4CC-E0549ABC5F03/data/Containers/Bundle/Application/679608D2-EE8C-4151-B4FB-36ABD50DD1FD/rowLog.app/www/newEntry.html
2015-01-17 13:02:38.884 rowLog[1107:11053] Resetting plugins due to page load.
2015-01-17 13:02:38.992 rowLog[1107:11053] Finished load of: file:///Users/krakapwa/Library/Developer/CoreSimulator/Devices/498A0961-AAD9-4A8C-B4CC-E0549ABC5F03/data/Containers/Bundle/Application/679608D2-EE8C-4151-B4FB-36ABD50DD1FD/rowLog.app/www/newEntryHR.html
2015-01-17 13:03:10.514 rowLog[1107:12090] File Transfer Finished with response code 200
2015-01-17 13:03:10.650 rowLog[1107:12145] File Transfer Finished with response code 200
2015-01-17 13:03:15.597 rowLog[1107:11053] Resetting plugins due to page load.
2015-01-17 13:03:15.695 rowLog[1107:11053] Finished load of: file:///Users/krakapwa/Library/Developer/CoreSimulator/Devices/498A0961-AAD9-4A8C-B4CC-E0549ABC5F03/data/Containers/Bundle/Application/679608D2-EE8C-4151-B4FB-36ABD50DD1FD/rowLog.app/www/newEntry.html
2015-01-17 13:03:18.349 rowLog[1107:11053] Resetting plugins due to page load.
2015-01-17 13:03:18.468 rowLog[1107:11053] Finished load of: file:///Users/krakapwa/Library/Developer/CoreSimulator/Devices/498A0961-AAD9-4A8C-B4CC-E0549ABC5F03/data/Containers/Bundle/Application/679608D2-EE8C-4151-B4FB-36ABD50DD1FD/rowLog.app/www/newEntryWUP.html
2015-01-17 13:03:33.834 rowLog[1107:12237] File Transfer Finished with response code 200
2015-01-17 13:03:36.594 rowLog[1107:11053] Resetting plugins due to page load.
2015-01-17 13:03:36.666 rowLog[1107:11053] Finished load of: file:///Users/krakapwa/Library/Developer/CoreSimulator/Devices/498A0961-AAD9-4A8C-B4CC-E0549ABC5F03/data/Containers/Bundle/Application/679608D2-EE8C-4151-B4FB-36ABD50DD1FD/rowLog.app/www/newEntry.html
